<?xml version="1.0" encoding="UTF-8"?>
<!-- Generated by org.testng.reporters.JUnitXMLReporter -->
<testsuite ignored="0" hostname="DESKTOP-KD287T4" failures="0" tests="4" name="Test" time="0.068" errors="0" timestamp="2020-04-03T18:05:42 IST">
  <testcase classname="test.ChildWelfare" name="checkButtons" time="0.013"/>
  <testcase classname="test.ChildWelfare" name="checkTitles" time="0.002"/>
  <testcase classname="test.AdultWelfare" name="checkHeadings" time="0.002"/>
  <testcase classname="test.AdultWelfare" name="checkTextBoxes" time="0.001"/>
</testsuite> <!-- Test -->
