<?xml version="1.0" encoding="UTF-8"?>
<testng-results ignored="0" total="4" passed="4" failed="0" skipped="0">
  <reporter-output>
  </reporter-output>
  <suite started-at="2020-04-03T18:05:42 IST" name="Suite" finished-at="2020-04-03T18:05:42 IST" duration-ms="68">
    <groups>
    </groups>
    <test started-at="2020-04-03T18:05:42 IST" name="Test" finished-at="2020-04-03T18:05:42 IST" duration-ms="68">
      <class name="test.ChildWelfare">
        <test-method signature="checkButtons()[pri:0, instance:test.ChildWelfare@3e3047e6]" started-at="2020-04-03T18:05:42 IST" name="checkButtons" finished-at="2020-04-03T18:05:42 IST" duration-ms="13" status="PASS">
          <reporter-output>
          </reporter-output>
        </test-method> <!-- checkButtons -->
        <test-method signature="checkTitles()[pri:0, instance:test.ChildWelfare@3e3047e6]" started-at="2020-04-03T18:05:42 IST" name="checkTitles" finished-at="2020-04-03T18:05:42 IST" duration-ms="2" status="PASS">
          <reporter-output>
          </reporter-output>
        </test-method> <!-- checkTitles -->
      </class> <!-- test.ChildWelfare -->
      <class name="test.AdultWelfare">
        <test-method signature="checkHeadings()[pri:0, instance:test.AdultWelfare@37e547da]" started-at="2020-04-03T18:05:42 IST" name="checkHeadings" finished-at="2020-04-03T18:05:42 IST" duration-ms="2" status="PASS">
          <reporter-output>
          </reporter-output>
        </test-method> <!-- checkHeadings -->
        <test-method signature="checkTextBoxes()[pri:0, instance:test.AdultWelfare@37e547da]" started-at="2020-04-03T18:05:42 IST" name="checkTextBoxes" finished-at="2020-04-03T18:05:42 IST" duration-ms="1" status="PASS">
          <reporter-output>
          </reporter-output>
        </test-method> <!-- checkTextBoxes -->
      </class> <!-- test.AdultWelfare -->
    </test> <!-- Test -->
  </suite> <!-- Suite -->
</testng-results>
